<?xml version="1.0" encoding="UTF-8"?>
<!-- Generated by org.testng.reporters.JUnitXMLReporter -->
<testsuite hostname="ANANDRAJ-PC" ignored="0" name="Turorialsninja Automation Tests" tests="12" failures="0" timestamp="25 Apr 2023 10:14:56 GMT" time="220.631" errors="0">
  <testcase name="verifyRegisterAnAccountWithMandatoryDetails" time="3.231" classname="com.tutorialsninja.qa.testcases.RegisterTest"/>
  <testcase name="verifyRegisteringAnAccountWithExistingEmail" time="3.924" classname="com.tutorialsninja.qa.testcases.RegisterTest"/>
  <testcase name="verifyLoginWithValidCredentials" time="1.546" classname="com.tutorialsninja.qa.testcases.Login2Test"/>
  <testcase name="verifyLoginWithValidCredentials" time="1.667" classname="com.tutorialsninja.qa.testcases.Login2Test"/>
  <testcase name="verifyLoginWithValidCredentials" time="1.671" classname="com.tutorialsninja.qa.testcases.Login2Test"/>
  <testcase name="verifySearchWithValidProduct" time="1.322" classname="com.tutorialsninja.qa.testcases.SearchTest"/>
  <testcase name="verifyLoginWithInvalidCredentials" time="1.339" classname="com.tutorialsninja.qa.testcases.Login2Test"/>
  <testcase name="verifySearchWithInvalidProduct" time="1.192" classname="com.tutorialsninja.qa.testcases.SearchTest"/>
  <testcase name="verifyLoginWithInvalidEmailAndValidPassword" time="1.447" classname="com.tutorialsninja.qa.testcases.Login2Test"/>
  <testcase name="verifySearchWithoutAnyProduct" time="1.03" classname="com.tutorialsninja.qa.testcases.SearchTest"/>
  <testcase name="verifyLoginWithValidEmailAndInvalidPassword" time="1.251" classname="com.tutorialsninja.qa.testcases.Login2Test"/>
  <testcase name="verifyLoginWithoutProvidingLoginCredentials" time="1.104" classname="com.tutorialsninja.qa.testcases.Login2Test"/>
</testsuite> <!-- Turorialsninja Automation Tests -->
